<?xml version="1.0" encoding="UTF-8"?>
<!-- Generated by org.testng.reporters.JUnitReportReporter -->
<testsuite hostname="DESKTOP-3E4GJBN" failures="0" tests="1" name="com.api.tests.LoginAPITest3" time="3.113" errors="0" timestamp="2025-09-01T15:33:51 IST" skipped="0">
  <testcase classname="com.api.tests.LoginAPITest3" name="loginTest" time="3.113"/>
</testsuite> <!-- com.api.tests.LoginAPITest3 -->
