<?xml version="1.0" encoding="UTF-8"?>
<!-- Generated by org.testng.reporters.JUnitReportReporter -->
<testsuite hostname="DESKTOP-3E4GJBN" failures="0" tests="1" name="com.api.tests.LoginAPITest" time="2.634" errors="0" timestamp="2025-09-01T14:53:18 IST" skipped="0">
  <testcase classname="com.api.tests.LoginAPITest" name="loginTest" time="2.634"/>
</testsuite> <!-- com.api.tests.LoginAPITest -->
